# JRE version: 7.0_21-b11
# Java VM: Java HotSpot(TM) Client VM (23.21-b01 mixed mode, sharing windows-x86 )
Heap
 def new generation   total 4928K, used 1730K [0x239a0000, 0x23ef0000, 0x28ef0000)
  eden space 4416K,  31% used [0x239a0000, 0x23afad38, 0x23df0000)
  from space 512K,  66% used [0x23e70000, 0x23ec5b88, 0x23ef0000)
  to   space 512K,   0% used [0x23df0000, 0x23df0000, 0x23e70000)
 tenured generation   total 10944K, used 4397K [0x28ef0000, 0x299a0000, 0x339a0000)
   the space 10944K,  40% used [0x28ef0000, 0x2933b5b8, 0x2933b600, 0x299a0000)
 compacting perm gen  total 12288K, used 2867K [0x339a0000, 0x345a0000, 0x379a0000)
   the space 12288K,  23% used [0x339a0000, 0x33c6cc28, 0x33c6ce00, 0x345a0000)
    ro space 10240K,  42% used [0x379a0000, 0x37de22a0, 0x37de2400, 0x383a0000)
    rw space 12288K,  54% used [0x383a0000, 0x38a23250, 0x38a23400, 0x38fa0000)
GC Heap History (6 events):
Event: 0.446 GC heap before
{Heap before GC invocations=0 (full 0):
 def new generation   total 4928K, used 4416K [0x239a0000, 0x23ef0000, 0x28ef0000)
  eden space 4416K, 100% used [0x239a0000, 0x23df0000, 0x23df0000)
  from space 512K,   0% used [0x23df0000, 0x23df0000, 0x23e70000)
  to   space 512K,   0% used [0x23e70000, 0x23e70000, 0x23ef0000)
 tenured generation   total 10944K, used 0K [0x28ef0000, 0x299a0000, 0x339a0000)
   the space 10944K,   0% used [0x28ef0000, 0x28ef0000, 0x28ef0200, 0x299a0000)
 compacting perm gen  total 12288K, used 1464K [0x339a0000, 0x345a0000, 0x379a0000)
   the space 12288K,  11% used [0x339a0000, 0x33b0e3f0, 0x33b0e400, 0x345a0000)
    ro space 10240K,  42% used [0x379a0000, 0x37de22a0, 0x37de2400, 0x383a0000)
    rw space 12288K,  54% used [0x383a0000, 0x38a23250, 0x38a23400, 0x38fa0000)
Event: 0.453 GC heap after
Heap after GC invocations=1 (full 0):
 def new generation   total 4928K, used 512K [0x239a0000, 0x23ef0000, 0x28ef0000)
  eden space 4416K,   0% used [0x239a0000, 0x239a0000, 0x23df0000)
  from space 512K, 100% used [0x23e70000, 0x23ef0000, 0x23ef0000)
  to   space 512K,   0% used [0x23df0000, 0x23df0000, 0x23e70000)
 tenured generation   total 10944K, used 1011K [0x28ef0000, 0x299a0000, 0x339a0000)
   the space 10944K,   9% used [0x28ef0000, 0x28fecc48, 0x28fece00, 0x299a0000)
 compacting perm gen  total 12288K, used 1464K [0x339a0000, 0x345a0000, 0x379a0000)
   the space 12288K,  11% used [0x339a0000, 0x33b0e3f0, 0x33b0e400, 0x345a0000)
    ro space 10240K,  42% used [0x379a0000, 0x37de22a0, 0x37de2400, 0x383a0000)
    rw space 12288K,  54% used [0x383a0000, 0x38a23250, 0x38a23400, 0x38fa0000)
}
Event: 6.294 GC heap before
{Heap before GC invocations=1 (full 0):
 def new generation   total 4928K, used 4928K [0x239a0000, 0x23ef0000, 0x28ef0000)
  eden space 4416K, 100% used [0x239a0000, 0x23df0000, 0x23df0000)
  from space 512K, 100% used [0x23e70000, 0x23ef0000, 0x23ef0000)
  to   space 512K,   0% used [0x23df0000, 0x23df0000, 0x23e70000)
 tenured generation   total 10944K, used 1011K [0x28ef0000, 0x299a0000, 0x339a0000)
   the space 10944K,   9% used [0x28ef0000, 0x28fecc48, 0x28fece00, 0x299a0000)
 compacting perm gen  total 12288K, used 2500K [0x339a0000, 0x345a0000, 0x379a0000)
   the space 12288K,  20% used [0x339a0000, 0x33c112c0, 0x33c11400, 0x345a0000)
    ro space 10240K,  42% used [0x379a0000, 0x37de22a0, 0x37de2400, 0x383a0000)
    rw space 12288K,  54% used [0x383a0000, 0x38a23250, 0x38a23400, 0x38fa0000)
Event: 6.303 GC heap after
Heap after GC invocations=2 (full 0):
 def new generation   total 4928K, used 512K [0x239a0000, 0x23ef0000, 0x28ef0000)
  eden space 4416K,   0% used [0x239a0000, 0x239a0000, 0x23df0000)
  from space 512K, 100% used [0x23df0000, 0x23e70000, 0x23e70000)
  to   space 512K,   0% used [0x23e70000, 0x23e70000, 0x23ef0000)
 tenured generation   total 10944K, used 2167K [0x28ef0000, 0x299a0000, 0x339a0000)
   the space 10944K,  19% used [0x28ef0000, 0x2910dc60, 0x2910de00, 0x299a0000)
 compacting perm gen  total 12288K, used 2500K [0x339a0000, 0x345a0000, 0x379a0000)
   the space 12288K,  20% used [0x339a0000, 0x33c112c0, 0x33c11400, 0x345a0000)
    ro space 10240K,  42% used [0x379a0000, 0x37de22a0, 0x37de2400, 0x383a0000)
    rw space 12288K,  54% used [0x383a0000, 0x38a23250, 0x38a23400, 0x38fa0000)
}
Event: 36.207 GC heap before
{Heap before GC invocations=2 (full 0):
 def new generation   total 4928K, used 4928K [0x239a0000, 0x23ef0000, 0x28ef0000)
  eden space 4416K, 100% used [0x239a0000, 0x23df0000, 0x23df0000)
  from space 512K, 100% used [0x23df0000, 0x23e70000, 0x23e70000)
  to   space 512K,   0% used [0x23e70000, 0x23e70000, 0x23ef0000)
 tenured generation   total 10944K, used 2167K [0x28ef0000, 0x299a0000, 0x339a0000)
   the space 10944K,  19% used [0x28ef0000, 0x2910dc60, 0x2910de00, 0x299a0000)
 compacting perm gen  total 12288K, used 2865K [0x339a0000, 0x345a0000, 0x379a0000)
   the space 12288K,  23% used [0x339a0000, 0x33c6c450, 0x33c6c600, 0x345a0000)
    ro space 10240K,  42% used [0x379a0000, 0x37de22a0, 0x37de2400, 0x383a0000)
    rw space 12288K,  54% used [0x383a0000, 0x38a23250, 0x38a23400, 0x38fa0000)
Event: 36.214 GC heap after
Heap after GC invocations=3 (full 0):
 def new generation   total 4928K, used 342K [0x239a0000, 0x23ef0000, 0x28ef0000)
  eden space 4416K,   0% used [0x239a0000, 0x239a0000, 0x23df0000)
  from space 512K,  66% used [0x23e70000, 0x23ec5b88, 0x23ef0000)
  to   space 512K,   0% used [0x23df0000, 0x23df0000, 0x23e70000)
 tenured generation   total 10944K, used 4397K [0x28ef0000, 0x299a0000, 0x339a0000)
   the space 10944K,  40% used [0x28ef0000, 0x2933b5b8, 0x2933b600, 0x299a0000)
 compacting perm gen  total 12288K, used 2865K [0x339a0000, 0x345a0000, 0x379a0000)
   the space 12288K,  23% used [0x339a0000, 0x33c6c450, 0x33c6c600, 0x345a0000)
    ro space 10240K,  42% used [0x379a0000, 0x37de22a0, 0x37de2400, 0x383a0000)
    rw space 12288K,  54% used [0x383a0000, 0x38a23250, 0x38a23400, 0x38fa0000)
}

